Arguments: 
  C:\Program Files\nodejs\node.exe C:\Users\mizap\AppData\Roaming\npm\node_modules\yarn\bin\yarn.js start

PATH: 
  C:\Program Files\Git\mingw64\bin;C:\Program Files\Git\usr\bin;C:\Users\mizap\bin;C:\Program Files (x86)\Intel\iCLS Client;C:\Program Files\Intel\iCLS Client;C:\Windows\system32;C:\Windows;C:\Windows\System32\Wbem;C:\Windows\System32\WindowsPowerShell\v1.0;C:\Program Files (x86)\NVIDIA Corporation\PhysX\Common;C:\WINDOWS\system32;C:\WINDOWS;C:\WINDOWS\System32\Wbem;C:\WINDOWS\System32\WindowsPowerShell\v1.0;C:\Program Files (x86)\Intel\Intel(R) Management Engine Components\DAL;C:\Program Files\Intel\Intel(R) Management Engine Components\DAL;C:\Program Files (x86)\Intel\Intel(R) Management Engine Components\IPT;C:\Program Files\Intel\Intel(R) Management Engine Components\IPT;C:\Program Files (x86)\Skype\Phone;C:\Program Files\Git\cmd;C:\Program Files\nodejs;C:\Program Files\MongoDB\Server\3.6\bin;C:\MAMP\bin\php\php7.1.5;C:\ProgramData\ComposerSetup\bin;C:\Users\mizap\AppData\Local\Microsoft\WindowsApps;C:\Users\mizap\AppData\Local\atom\bin;C:\Users\mizap\AppData\Local\Microsoft\WindowsApps;C:\Program Files\Heroku\bin;C:\Program Files\Microsoft VS Code\bin;C:\Users\mizap\AppData\Roaming\npm;C:\Program Files\MongoDB\Server\3.6\bin;C:\MAMP\bin\php\php7.1.5;C:\Users\mizap\AppData\Roaming\Composer\vendor\bin

Yarn version: 
  1.5.1

Node version: 
  8.9.4

Platform: 
  win32 x64

npm manifest: 
  {
    "name": "nytreact",
    "version": "1.0.0",
    "description": "",
    "main": "index.js",
    "scripts": {
      "test": "echo \"Error: no test specified\" && exit 1"
    },
    "repository": {
      "type": "git",
      "url": "git+https://github.com/eggobiggie/nytreact.git"
    },
    "author": "",
    "license": "ISC",
    "bugs": {
      "url": "https://github.com/eggobiggie/nytreact/issues"
    },
    "homepage": "https://github.com/eggobiggie/nytreact#readme",
    "dependencies": {
      "axios": "^0.18.0"
    }
  }

yarn manifest: 
  No manifest

Lockfile: 
  # THIS IS AN AUTOGENERATED FILE. DO NOT EDIT THIS FILE DIRECTLY.
  # yarn lockfile v1
  
  
  axios@^0.18.0:
    version "0.18.0"
    resolved "https://registry.yarnpkg.com/axios/-/axios-0.18.0.tgz#32d53e4851efdc0a11993b6cd000789d70c05102"
    dependencies:
      follow-redirects "^1.3.0"
      is-buffer "^1.1.5"
  
  debug@^3.1.0:
    version "3.1.0"
    resolved "https://registry.yarnpkg.com/debug/-/debug-3.1.0.tgz#5bb5a0672628b64149566ba16819e61518c67261"
    dependencies:
      ms "2.0.0"
  
  follow-redirects@^1.3.0:
    version "1.4.1"
    resolved "https://registry.yarnpkg.com/follow-redirects/-/follow-redirects-1.4.1.tgz#d8120f4518190f55aac65bb6fc7b85fcd666d6aa"
    dependencies:
      debug "^3.1.0"
  
  is-buffer@^1.1.5:
    version "1.1.6"
    resolved "https://registry.yarnpkg.com/is-buffer/-/is-buffer-1.1.6.tgz#efaa2ea9daa0d7ab2ea13a97b2b8ad51fefbe8be"
  
  ms@2.0.0:
    version "2.0.0"
    resolved "https://registry.yarnpkg.com/ms/-/ms-2.0.0.tgz#5608aeadfc00be6c2901df5f9861788de0d597c8"

Trace: 
  Error: Command failed.
  Exit code: 1
  Command: C:\WINDOWS\system32\cmd.exe
  Arguments: /d /s /c node server.js
  Directory: C:\Users\mizap\Desktop\nytreact
  Output:
  
      at ProcessTermError.MessageError (C:\Users\mizap\AppData\Roaming\npm\node_modules\yarn\lib\cli.js:186:110)
      at new ProcessTermError (C:\Users\mizap\AppData\Roaming\npm\node_modules\yarn\lib\cli.js:226:113)
      at ChildProcess.<anonymous> (C:\Users\mizap\AppData\Roaming\npm\node_modules\yarn\lib\cli.js:30281:17)
      at emitTwo (events.js:126:13)
      at ChildProcess.emit (events.js:214:7)
      at maybeClose (internal/child_process.js:925:16)
      at Process.ChildProcess._handle.onexit (internal/child_process.js:209:5)
